<?xml version="1.0" encoding="UTF-8"?>
<!-- Generated by org.testng.reporters.JUnitReportReporter -->
<testsuite hostname="DESKTOP-JU827HG" name="myMavenProjectTest.myMavenProjectChromeLaunch" tests="1" failures="0" timestamp="17 Feb 2018 12:45:36 GMT" time="7.314" errors="0">
  <testcase name="chromeLaunch" time="7.314" classname="myMavenProjectTest.myMavenProjectChromeLaunch"/>
</testsuite> <!-- myMavenProjectTest.myMavenProjectChromeLaunch -->
